Thu, 09 Jun 2022 20:19:05 37580 MainThread base_page.py[line:18] INFO This is info message
Thu, 09 Jun 2022 20:19:35 37596 MainThread base_page.py[line:18] INFO This is info message
2022-06-24 20:05:28,212base_page.pyINFO('xpath', "//input[@id='mobile']")输入框输入13761362771
2022-06-24 20:05:28,227base_page.pyINFO定位元素('xpath', "//input[@id='mobile']")
2022-06-24 20:05:28,293base_page.pyINFO('xpath', "//input[@id='pwd']")输入框输入qinyujie008
2022-06-24 20:05:28,293base_page.pyINFO定位元素('xpath', "//input[@id='pwd']")
2022-06-24 20:05:28,379base_page.pyINFO点击元素('xpath', "//a[text()='登录并授权']")
2022-06-24 20:05:28,379base_page.pyINFO定位元素('xpath', "//a[text()='登录并授权']")
2022-06-24 20:05:34,666base_page.pyINFO点击元素('xpath', "//span[text()='审批管理']/..")
2022-06-24 20:05:34,667base_page.pyINFO定位元素('xpath', "//span[text()='审批管理']/..")
2022-06-24 20:05:36,142base_page.pyINFO点击元素('xpath', '//*[@id="popContainer"]/section/aside/div/ul/li[3]/ul/li[2]/a')
2022-06-24 20:05:36,142base_page.pyINFO定位元素('xpath', '//*[@id="popContainer"]/section/aside/div/ul/li[3]/ul/li[2]/a')
2022-06-24 20:05:45,038base_page.pyINFO点击元素('xpath', "//span[text()='工资付款 ']/../../label[3]")
2022-06-24 20:05:45,038base_page.pyINFO定位元素('xpath', "//span[text()='工资付款 ']/../../label[3]")
2022-06-24 20:05:48,482base_page.pyINFO点击元素('xpath', '//div[@class="ant-table-fixed-right"]/div/div/table/tbody/tr[1]/td/a')
2022-06-24 20:05:48,482base_page.pyINFO定位元素('xpath', '//div[@class="ant-table-fixed-right"]/div/div/table/tbody/tr[1]/td/a')
2022-06-24 20:05:48,676base_page.pyINFO点击元素('xpath', '//button[@class="ant-drawer-close"]')
2022-06-24 20:05:48,676base_page.pyINFO定位元素('xpath', '//button[@class="ant-drawer-close"]')
2022-06-24 20:17:56,288connectionpool.pyWARNINGRetrying (Retry(total=2, connect=None, read=None, redirect=None, status=None)) after connection broken by 'NewConnectionError('<urllib3.connection.HTTPConnection object at 0x04663C58>: Failed to establish a new connection: [WinError 10061] 由于目标计算机积极拒绝，无法连接。')': /wd/hub/session
2022-06-24 20:17:58,319connectionpool.pyWARNINGRetrying (Retry(total=1, connect=None, read=None, redirect=None, status=None)) after connection broken by 'NewConnectionError('<urllib3.connection.HTTPConnection object at 0x04663E98>: Failed to establish a new connection: [WinError 10061] 由于目标计算机积极拒绝，无法连接。')': /wd/hub/session
2022-06-24 20:18:00,372connectionpool.pyWARNINGRetrying (Retry(total=0, connect=None, read=None, redirect=None, status=None)) after connection broken by 'NewConnectionError('<urllib3.connection.HTTPConnection object at 0x046D3238>: Failed to establish a new connection: [WinError 10061] 由于目标计算机积极拒绝，无法连接。')': /wd/hub/session
2022-06-24 20:18:58,282connectionpool.pyWARNINGRetrying (Retry(total=2, connect=None, read=None, redirect=None, status=None)) after connection broken by 'NewConnectionError('<urllib3.connection.HTTPConnection object at 0x04EB3CA0>: Failed to establish a new connection: [WinError 10061] 由于目标计算机积极拒绝，无法连接。')': /wd/hub/session
2022-06-24 20:19:00,331connectionpool.pyWARNINGRetrying (Retry(total=1, connect=None, read=None, redirect=None, status=None)) after connection broken by 'NewConnectionError('<urllib3.connection.HTTPConnection object at 0x04EB3EE0>: Failed to establish a new connection: [WinError 10061] 由于目标计算机积极拒绝，无法连接。')': /wd/hub/session
2022-06-24 20:19:02,375connectionpool.pyWARNINGRetrying (Retry(total=0, connect=None, read=None, redirect=None, status=None)) after connection broken by 'NewConnectionError('<urllib3.connection.HTTPConnection object at 0x04F23280>: Failed to establish a new connection: [WinError 10061] 由于目标计算机积极拒绝，无法连接。')': /wd/hub/session
2022-06-24 20:19:55,574base_page.pyINFO('xpath', "//input[@id='mobile']")输入框输入13761362771
2022-06-24 20:19:55,575base_page.pyINFO定位元素('xpath', "//input[@id='mobile']")
2022-06-24 20:19:55,672base_page.pyINFO('xpath', "//input[@id='pwd']")输入框输入qinyujie008
2022-06-24 20:19:55,672base_page.pyINFO定位元素('xpath', "//input[@id='pwd']")
2022-06-24 20:19:55,771base_page.pyINFO点击元素('xpath', "//a[text()='登录并授权']")
2022-06-24 20:19:55,771base_page.pyINFO定位元素('xpath', "//a[text()='登录并授权']")
2022-06-24 20:21:42,956connectionpool.pyWARNINGRetrying (Retry(total=2, connect=None, read=None, redirect=None, status=None)) after connection broken by 'NewConnectionError('<urllib3.connection.HTTPConnection object at 0x05263C58>: Failed to establish a new connection: [WinError 10061] 由于目标计算机积极拒绝，无法连接。')': /wd/hub/session
2022-06-24 20:21:44,984connectionpool.pyWARNINGRetrying (Retry(total=1, connect=None, read=None, redirect=None, status=None)) after connection broken by 'NewConnectionError('<urllib3.connection.HTTPConnection object at 0x05263E98>: Failed to establish a new connection: [WinError 10061] 由于目标计算机积极拒绝，无法连接。')': /wd/hub/session
2022-06-24 20:21:47,038connectionpool.pyWARNINGRetrying (Retry(total=0, connect=None, read=None, redirect=None, status=None)) after connection broken by 'NewConnectionError('<urllib3.connection.HTTPConnection object at 0x052D2238>: Failed to establish a new connection: [WinError 10061] 由于目标计算机积极拒绝，无法连接。')': /wd/hub/session
2022-06-24 20:22:26,443base_page.pyINFO('xpath', "//input[@id='mobile']")输入框输入13761362771
2022-06-24 20:22:26,443base_page.pyINFO定位元素('xpath', "//input[@id='mobile']")
2022-06-24 20:22:26,527base_page.pyINFO('xpath', "//input[@id='pwd']")输入框输入qinyujie008
2022-06-24 20:22:26,528base_page.pyINFO定位元素('xpath', "//input[@id='pwd']")
2022-06-24 20:22:26,663base_page.pyINFO点击元素('xpath', "//a[text()='登录并授权']")
2022-06-24 20:22:26,663base_page.pyINFO定位元素('xpath', "//a[text()='登录并授权']")
2022-06-24 20:22:33,098base_page.pyINFO点击元素('xpath', "//span[text()='招聘管理']/..")
2022-06-24 20:22:33,098base_page.pyINFO定位元素('xpath', "//span[text()='招聘管理']/..")
2022-06-24 20:47:27,558base_page.pyINFO('xpath', "//input[@id='mobile']")输入框输入13761362771
2022-06-24 20:47:27,558base_page.pyINFO定位元素('xpath', "//input[@id='mobile']")
2022-06-24 20:47:27,710base_page.pyINFO('xpath', "//input[@id='pwd']")输入框输入qinyujie008
2022-06-24 20:47:27,710base_page.pyINFO定位元素('xpath', "//input[@id='pwd']")
2022-06-24 20:47:27,849base_page.pyINFO点击元素('xpath', "//a[text()='登录并授权']")
2022-06-24 20:47:27,849base_page.pyINFO定位元素('xpath', "//a[text()='登录并授权']")
2022-06-24 20:47:34,127base_page.pyINFO点击元素('xpath', "//span[text()='审批管理']/..")
2022-06-24 20:47:34,127base_page.pyINFO定位元素('xpath', "//span[text()='审批管理']/..")
2022-06-24 20:47:35,594base_page.pyINFO点击元素('xpath', '//*[@id="popContainer"]/section/aside/div/ul/li[3]/ul/li[2]/a')
2022-06-24 20:47:35,594base_page.pyINFO定位元素('xpath', '//*[@id="popContainer"]/section/aside/div/ul/li[3]/ul/li[2]/a')
2022-06-24 20:47:36,340base_page.pyINFO点击元素('xpath', "//span[text()='工资付款 ']/../../label[3]")
2022-06-24 20:47:36,340base_page.pyINFO定位元素('xpath', "//span[text()='工资付款 ']/../../label[3]")
2022-06-24 20:47:39,843base_page.pyINFO点击元素('xpath', '//div[@class="ant-table-fixed-right"]/div/div/table/tbody/tr[1]/td/a')
2022-06-24 20:47:39,843base_page.pyINFO定位元素('xpath', '//div[@class="ant-table-fixed-right"]/div/div/table/tbody/tr[1]/td/a')
2022-06-24 20:47:40,046base_page.pyINFO点击元素('xpath', '//button[@class="ant-drawer-close"]')
2022-06-24 20:47:40,046base_page.pyINFO定位元素('xpath', '//button[@class="ant-drawer-close"]')
2022-06-24 20:47:40,494base_page.pyINFO点击元素('xpath', "//span[text()='招聘管理']/..")
2022-06-24 20:47:40,494base_page.pyINFO定位元素('xpath', "//span[text()='招聘管理']/..")
2022-06-24 20:47:42,110base_page.pyINFO点击元素('xpath', "//a[text()='招聘中心']/..")
2022-06-24 20:47:42,110base_page.pyINFO定位元素('xpath', "//a[text()='招聘中心']/..")
2022-06-24 20:47:42,473base_page.pyINFO点击元素('xpath', '/html/body/div[1]/section/section/main/div/div[2]/div/div[2]/div/div[1]/div[1]/div/div[3]/button')
2022-06-24 20:47:42,474base_page.pyINFO定位元素('xpath', '/html/body/div[1]/section/section/main/div/div[2]/div/div[2]/div/div[1]/div[1]/div/div[3]/button')
2022-06-24 20:47:43,473base_page.pyINFO点击元素('xpath', "//div[text()='请选择需求']")
2022-06-24 20:47:43,474base_page.pyINFO定位元素('xpath', "//div[text()='请选择需求']")
2022-06-24 20:47:45,623base_page.pyINFO点击元素('xpath', "//li[@title='测试2022-06-16']")
2022-06-24 20:47:45,623base_page.pyINFO定位元素('xpath', "//li[@title='测试2022-06-16']")
2022-06-24 20:47:45,695base_page.pyINFO点击元素('xpath', "//span[text()='下一步']/..")
2022-06-24 20:47:45,695base_page.pyINFO定位元素('xpath', "//span[text()='下一步']/..")
2022-06-24 20:47:46,958base_page.pyINFO('xpath', "//input[@accept='.xlsx, .xls']")输入框输入D:\auto_test\script\报备导入测试数据3条.xlsx
2022-06-24 20:47:46,958base_page.pyINFO定位元素('xpath', "//input[@accept='.xlsx, .xls']")
2022-06-24 20:47:48,031base_page.pyINFO点击元素('xpath', "//span[text()='下一步']/..")
2022-06-24 20:47:48,031base_page.pyINFO定位元素('xpath', "//span[text()='下一步']/..")
2022-06-24 20:47:48,077base_page.pyINFO断言有无上传成功！1111
2022-06-24 20:47:48,077base_page.pyINFO定位元素('xpath', "//*[@class='ant-message-custom-content ant-message-success']/span")
2022-06-24 20:47:48,427base_page.pyINFO点击元素('xpath', "//span[text()='招聘管理']/..")
2022-06-24 20:47:48,427base_page.pyINFO定位元素('xpath', "//span[text()='招聘管理']/..")
2022-06-24 20:50:02,950base_page.pyINFO('xpath', "//input[@id='mobile']")输入框输入13761362771
2022-06-24 20:50:02,950base_page.pyINFO定位元素('xpath', "//input[@id='mobile']")
2022-06-24 20:50:03,044base_page.pyINFO('xpath', "//input[@id='pwd']")输入框输入qinyujie008
2022-06-24 20:50:03,044base_page.pyINFO定位元素('xpath', "//input[@id='pwd']")
2022-06-24 20:50:03,144base_page.pyINFO点击元素('xpath', "//a[text()='登录并授权']")
2022-06-24 20:50:03,144base_page.pyINFO定位元素('xpath', "//a[text()='登录并授权']")
2022-06-24 20:50:09,732base_page.pyINFO点击元素('xpath', "//span[text()='审批管理']/..")
2022-06-24 20:50:09,732base_page.pyINFO定位元素('xpath', "//span[text()='审批管理']/..")
2022-06-24 20:50:11,242base_page.pyINFO点击元素('xpath', '//*[@id="popContainer"]/section/aside/div/ul/li[3]/ul/li[2]/a')
2022-06-24 20:50:11,242base_page.pyINFO定位元素('xpath', '//*[@id="popContainer"]/section/aside/div/ul/li[3]/ul/li[2]/a')
2022-06-24 20:50:12,677base_page.pyINFO点击元素('xpath', "//span[text()='工资付款 ']/../../label[3]")
2022-06-24 20:50:12,677base_page.pyINFO定位元素('xpath', "//span[text()='工资付款 ']/../../label[3]")
2022-06-24 20:50:16,260base_page.pyINFO点击元素('xpath', '//div[@class="ant-table-fixed-right"]/div/div/table/tbody/tr[1]/td/a')
2022-06-24 20:50:16,260base_page.pyINFO定位元素('xpath', '//div[@class="ant-table-fixed-right"]/div/div/table/tbody/tr[1]/td/a')
2022-06-24 20:50:16,504base_page.pyINFO点击元素('xpath', '//button[@class="ant-drawer-close"]')
2022-06-24 20:50:16,504base_page.pyINFO定位元素('xpath', '//button[@class="ant-drawer-close"]')
2022-06-24 20:50:19,745base_page.pyINFO点击元素('xpath', "//span[text()='招聘管理']/..")
2022-06-24 20:50:19,745base_page.pyINFO定位元素('xpath', "//span[text()='招聘管理']/..")
2022-06-24 20:50:21,377base_page.pyINFO点击元素('xpath', "//a[text()='招聘中心']/..")
2022-06-24 20:50:21,377base_page.pyINFO定位元素('xpath', "//a[text()='招聘中心']/..")
2022-06-24 20:50:21,823base_page.pyINFO点击元素('xpath', '/html/body/div[1]/section/section/main/div/div[2]/div/div[2]/div/div[1]/div[1]/div/div[3]/button')
2022-06-24 20:50:21,823base_page.pyINFO定位元素('xpath', '/html/body/div[1]/section/section/main/div/div[2]/div/div[2]/div/div[1]/div[1]/div/div[3]/button')
2022-06-24 20:50:22,757base_page.pyINFO点击元素('xpath', "//div[text()='请选择需求']")
2022-06-24 20:50:22,757base_page.pyINFO定位元素('xpath', "//div[text()='请选择需求']")
2022-06-24 20:50:24,894base_page.pyINFO点击元素('xpath', "//li[@title='测试2022-06-16']")
2022-06-24 20:50:24,895base_page.pyINFO定位元素('xpath', "//li[@title='测试2022-06-16']")
2022-06-24 20:50:24,991base_page.pyINFO点击元素('xpath', "//span[text()='下一步']/..")
2022-06-24 20:50:24,991base_page.pyINFO定位元素('xpath', "//span[text()='下一步']/..")
2022-06-24 20:50:26,236base_page.pyINFO('xpath', "//input[@accept='.xlsx, .xls']")输入框输入D:\auto_test\script\报备导入测试数据3条.xlsx
2022-06-24 20:50:26,236base_page.pyINFO定位元素('xpath', "//input[@accept='.xlsx, .xls']")
2022-06-24 20:50:27,307base_page.pyINFO点击元素('xpath', "//span[text()='下一步']/..")
2022-06-24 20:50:27,307base_page.pyINFO定位元素('xpath', "//span[text()='下一步']/..")
2022-06-24 20:50:27,363base_page.pyINFO断言有无上传成功！1111
2022-06-24 20:50:27,363base_page.pyINFO定位元素('xpath', "//*[@class='ant-message-custom-content ant-message-success']/span")
2022-06-24 20:50:27,434base_page.pyINFO点击元素('xpath', "//span[text()='招聘管理']/..")
2022-06-24 20:50:27,434base_page.pyINFO定位元素('xpath', "//span[text()='招聘管理']/..")
2022-06-24 21:52:59,412base_page.pyINFO('xpath', "//input[@id='mobile']")输入框输入13761362771
2022-06-24 21:52:59,412base_page.pyINFO定位元素('xpath', "//input[@id='mobile']")
2022-06-24 21:52:59,503base_page.pyINFO('xpath', "//input[@id='pwd']")输入框输入qinyujie008
2022-06-24 21:52:59,503base_page.pyINFO定位元素('xpath', "//input[@id='pwd']")
2022-06-24 21:52:59,606base_page.pyINFO点击元素('xpath', "//a[text()='登录并授权']")
2022-06-24 21:52:59,606base_page.pyINFO定位元素('xpath', "//a[text()='登录并授权']")
2022-06-24 21:53:07,375base_page.pyINFO点击元素('xpath', "//span[text()='审批管理']/..")
2022-06-24 21:53:07,375base_page.pyINFO定位元素('xpath', "//span[text()='审批管理']/..")
2022-06-24 21:53:09,020base_page.pyINFO点击元素('xpath', '//*[@id="popContainer"]/section/aside/div/ul/li[3]/ul/li[2]/a')
2022-06-24 21:53:09,020base_page.pyINFO定位元素('xpath', '//*[@id="popContainer"]/section/aside/div/ul/li[3]/ul/li[2]/a')
2022-06-24 21:53:09,743base_page.pyINFO点击元素('xpath', "//span[text()='工资付款 ']/../../label[3]")
2022-06-24 21:53:09,744base_page.pyINFO定位元素('xpath', "//span[text()='工资付款 ']/../../label[3]")
2022-06-24 21:53:13,464base_page.pyINFO点击元素('xpath', '//div[@class="ant-table-fixed-right"]/div/div/table/tbody/tr[1]/td/a')
2022-06-24 21:53:13,464base_page.pyINFO定位元素('xpath', '//div[@class="ant-table-fixed-right"]/div/div/table/tbody/tr[1]/td/a')
2022-06-24 21:53:13,645base_page.pyINFO点击元素('xpath', '//button[@class="ant-drawer-close"]')
2022-06-24 21:53:13,646base_page.pyINFO定位元素('xpath', '//button[@class="ant-drawer-close"]')
2022-06-24 21:53:14,118base_page.pyINFO点击元素('xpath', "//span[text()='招聘管理']/..")
2022-06-24 21:53:14,118base_page.pyINFO定位元素('xpath', "//span[text()='招聘管理']/..")
2022-06-24 21:53:15,920base_page.pyINFO点击元素('xpath', "//a[text()='招聘中心']/..")
2022-06-24 21:53:15,921base_page.pyINFO定位元素('xpath', "//a[text()='招聘中心']/..")
2022-06-24 21:53:16,307base_page.pyINFO点击元素('xpath', '/html/body/div[1]/section/section/main/div/div[2]/div/div[2]/div/div[1]/div[1]/div/div[3]/button')
2022-06-24 21:53:16,307base_page.pyINFO定位元素('xpath', '/html/body/div[1]/section/section/main/div/div[2]/div/div[2]/div/div[1]/div[1]/div/div[3]/button')
2022-06-24 21:53:17,274base_page.pyINFO点击元素('xpath', "//div[text()='请选择需求']")
2022-06-24 21:53:17,274base_page.pyINFO定位元素('xpath', "//div[text()='请选择需求']")
2022-06-24 21:53:19,363base_page.pyINFO点击元素('xpath', "//li[@title='测试2022-06-16']")
2022-06-24 21:53:19,364base_page.pyINFO定位元素('xpath', "//li[@title='测试2022-06-16']")
2022-06-24 21:53:19,433base_page.pyINFO点击元素('xpath', "//span[text()='下一步']/..")
2022-06-24 21:53:19,433base_page.pyINFO定位元素('xpath', "//span[text()='下一步']/..")
2022-06-24 21:53:20,668base_page.pyINFO('xpath', "//input[@accept='.xlsx, .xls']")输入框输入D:\auto_test\script\报备导入测试数据3条.xlsx
2022-06-24 21:53:20,668base_page.pyINFO定位元素('xpath', "//input[@accept='.xlsx, .xls']")
2022-06-24 21:53:21,774base_page.pyINFO点击元素('xpath', "//span[text()='下一步']/..")
2022-06-24 21:53:21,774base_page.pyINFO定位元素('xpath', "//span[text()='下一步']/..")
2022-06-24 21:53:21,827base_page.pyINFO断言有无上传成功！1111
2022-06-24 21:53:21,827base_page.pyINFO定位元素('xpath', "//*[@class='ant-message-custom-content ant-message-success']/span")
2022-06-24 21:53:21,907base_page.pyINFO点击元素('xpath', "//span[text()='招聘管理']/..")
2022-06-24 21:53:21,907base_page.pyINFO定位元素('xpath', "//span[text()='招聘管理']/..")
2022-06-24 23:05:43,743base_page.pyINFO('xpath', "//input[@id='mobile']")输入框输入13761362771
2022-06-24 23:05:43,744base_page.pyINFO定位元素('xpath', "//input[@id='mobile']")
2022-06-24 23:05:43,886base_page.pyINFO('xpath', "//input[@id='pwd']")输入框输入qinyujie008
2022-06-24 23:05:43,886base_page.pyINFO定位元素('xpath', "//input[@id='pwd']")
2022-06-24 23:05:44,053base_page.pyINFO点击元素('xpath', "//a[text()='登录并授权']")
2022-06-24 23:05:44,053base_page.pyINFO定位元素('xpath', "//a[text()='登录并授权']")
2022-06-24 23:05:52,673base_page.pyINFO点击元素('xpath', "//span[text()='审批管理']/..")
2022-06-24 23:05:52,673base_page.pyINFO定位元素('xpath', "//span[text()='审批管理']/..")
2022-06-24 23:05:54,895base_page.pyINFO点击元素('xpath', '//*[@id="popContainer"]/section/aside/div/ul/li[3]/ul/li[2]/a')
2022-06-24 23:05:54,896base_page.pyINFO定位元素('xpath', '//*[@id="popContainer"]/section/aside/div/ul/li[3]/ul/li[2]/a')
2022-06-24 23:05:55,685base_page.pyINFO点击元素('xpath', "//span[text()='工资付款 ']/../../label[3]")
2022-06-24 23:05:55,685base_page.pyINFO定位元素('xpath', "//span[text()='工资付款 ']/../../label[3]")
2022-06-24 23:05:59,261base_page.pyINFO点击元素('xpath', '//div[@class="ant-table-fixed-right"]/div/div/table/tbody/tr[1]/td/a')
2022-06-24 23:05:59,261base_page.pyINFO定位元素('xpath', '//div[@class="ant-table-fixed-right"]/div/div/table/tbody/tr[1]/td/a')
2022-06-24 23:05:59,489base_page.pyINFO点击元素('xpath', '//button[@class="ant-drawer-close"]')
2022-06-24 23:05:59,490base_page.pyINFO定位元素('xpath', '//button[@class="ant-drawer-close"]')
2022-06-24 23:05:59,981base_page.pyINFO点击元素('xpath', "//span[text()='招聘管理']/..")
2022-06-24 23:05:59,982base_page.pyINFO定位元素('xpath', "//span[text()='招聘管理']/..")
2022-06-24 23:06:01,557base_page.pyINFO点击元素('xpath', "//a[text()='招聘中心']/..")
2022-06-24 23:06:01,557base_page.pyINFO定位元素('xpath', "//a[text()='招聘中心']/..")
2022-06-24 23:06:02,042base_page.pyINFO点击元素('xpath', '/html/body/div[1]/section/section/main/div/div[2]/div/div[2]/div/div[1]/div[1]/div/div[3]/button')
2022-06-24 23:06:02,042base_page.pyINFO定位元素('xpath', '/html/body/div[1]/section/section/main/div/div[2]/div/div[2]/div/div[1]/div[1]/div/div[3]/button')
2022-06-24 23:06:03,136base_page.pyINFO点击元素('xpath', "//div[text()='请选择需求']")
2022-06-24 23:06:03,136base_page.pyINFO定位元素('xpath', "//div[text()='请选择需求']")
2022-06-24 23:06:05,285base_page.pyINFO点击元素('xpath', "//li[@title='测试2022-06-16']")
2022-06-24 23:06:05,286base_page.pyINFO定位元素('xpath', "//li[@title='测试2022-06-16']")
2022-06-24 23:06:05,395base_page.pyINFO点击元素('xpath', "//span[text()='下一步']/..")
2022-06-24 23:06:05,395base_page.pyINFO定位元素('xpath', "//span[text()='下一步']/..")
2022-06-24 23:06:06,699base_page.pyINFO('xpath', "//input[@accept='.xlsx, .xls']")输入框输入D:\auto_test\script\报备导入测试数据3条.xlsx
2022-06-24 23:06:06,700base_page.pyINFO定位元素('xpath', "//input[@accept='.xlsx, .xls']")
2022-06-24 23:06:07,815base_page.pyINFO点击元素('xpath', "//span[text()='下一步']/..")
2022-06-24 23:06:07,816base_page.pyINFO定位元素('xpath', "//span[text()='下一步']/..")
2022-06-24 23:06:07,883base_page.pyINFO断言有无上传成功！1111
2022-06-24 23:06:07,883base_page.pyINFO定位元素('xpath', "//*[@class='ant-message-custom-content ant-message-success']/span")
2022-06-24 23:06:07,966base_page.pyINFO点击元素('xpath', "//span[text()='招聘管理']/..")
2022-06-24 23:06:07,966base_page.pyINFO定位元素('xpath', "//span[text()='招聘管理']/..")
2022-06-25 10:20:05,292connectionpool.pyWARNINGRetrying (Retry(total=2, connect=None, read=None, redirect=None, status=None)) after connection broken by 'NewConnectionError('<urllib3.connection.HTTPConnection object at 0x05444E50>: Failed to establish a new connection: [WinError 10061] 由于目标计算机积极拒绝，无法连接。')': /wd/hub/session
2022-06-25 10:20:07,345connectionpool.pyWARNINGRetrying (Retry(total=1, connect=None, read=None, redirect=None, status=None)) after connection broken by 'NewConnectionError('<urllib3.connection.HTTPConnection object at 0x054B80A0>: Failed to establish a new connection: [WinError 10061] 由于目标计算机积极拒绝，无法连接。')': /wd/hub/session
2022-06-25 10:20:09,390connectionpool.pyWARNINGRetrying (Retry(total=0, connect=None, read=None, redirect=None, status=None)) after connection broken by 'NewConnectionError('<urllib3.connection.HTTPConnection object at 0x054B83E8>: Failed to establish a new connection: [WinError 10061] 由于目标计算机积极拒绝，无法连接。')': /wd/hub/session
2022-06-25 10:22:08,388base_page.pyINFO('xpath', "//input[@id='mobile']")输入框输入13761362771
2022-06-25 10:22:08,388base_page.pyINFO定位元素('xpath', "//input[@id='mobile']")
2022-06-25 10:22:08,498base_page.pyINFO('xpath', "//input[@id='pwd']")输入框输入qinyujie008
2022-06-25 10:22:08,498base_page.pyINFO定位元素('xpath', "//input[@id='pwd']")
2022-06-25 10:22:08,608base_page.pyINFO点击元素('xpath', "//a[text()='登录并授权']")
2022-06-25 10:22:08,608base_page.pyINFO定位元素('xpath', "//a[text()='登录并授权']")
2022-06-25 10:22:16,631base_page.pyINFO点击元素('xpath', "//span[text()='审批管理']/..")
2022-06-25 10:22:16,631base_page.pyINFO定位元素('xpath', "//span[text()='审批管理']/..")
2022-06-25 10:22:18,324base_page.pyINFO点击元素('xpath', '//*[@id="popContainer"]/section/aside/div/ul/li[3]/ul/li[2]/a')
2022-06-25 10:22:18,324base_page.pyINFO定位元素('xpath', '//*[@id="popContainer"]/section/aside/div/ul/li[3]/ul/li[2]/a')
2022-06-25 10:22:19,033base_page.pyINFO点击元素('xpath', "//span[text()='工资付款 ']/../../label[3]")
2022-06-25 10:22:19,033base_page.pyINFO定位元素('xpath', "//span[text()='工资付款 ']/../../label[3]")
2022-06-25 10:22:22,553base_page.pyINFO点击元素('xpath', '//div[@class="ant-table-fixed-right"]/div/div/table/tbody/tr[1]/td/a')
2022-06-25 10:22:22,553base_page.pyINFO定位元素('xpath', '//div[@class="ant-table-fixed-right"]/div/div/table/tbody/tr[1]/td/a')
2022-06-25 10:22:22,780base_page.pyINFO点击元素('xpath', '//button[@class="ant-drawer-close"]')
2022-06-25 10:22:22,781base_page.pyINFO定位元素('xpath', '//button[@class="ant-drawer-close"]')
2022-06-25 10:22:23,188base_page.pyINFO点击元素('xpath', "//span[text()='招聘管理']/..")
2022-06-25 10:22:23,189base_page.pyINFO定位元素('xpath', "//span[text()='招聘管理']/..")
2022-06-25 10:22:24,381base_page.pyINFO点击元素('xpath', "//a[text()='招聘中心']/..")
2022-06-25 10:22:24,381base_page.pyINFO定位元素('xpath', "//a[text()='招聘中心']/..")
2022-06-25 10:22:24,744base_page.pyINFO点击元素('xpath', '/html/body/div[1]/section/section/main/div/div[2]/div/div[2]/div/div[1]/div[1]/div/div[3]/button')
2022-06-25 10:22:24,745base_page.pyINFO定位元素('xpath', '/html/body/div[1]/section/section/main/div/div[2]/div/div[2]/div/div[1]/div[1]/div/div[3]/button')
2022-06-25 10:22:25,736base_page.pyINFO点击元素('xpath', "//div[text()='请选择需求']")
2022-06-25 10:22:25,737base_page.pyINFO定位元素('xpath', "//div[text()='请选择需求']")
2022-06-25 10:22:27,850base_page.pyINFO点击元素('xpath', "//li[@title='测试2022-06-16']")
2022-06-25 10:22:27,850base_page.pyINFO定位元素('xpath', "//li[@title='测试2022-06-16']")
2022-06-25 10:22:27,928base_page.pyINFO点击元素('xpath', "//span[text()='下一步']/..")
2022-06-25 10:22:27,929base_page.pyINFO定位元素('xpath', "//span[text()='下一步']/..")
2022-06-25 10:22:29,175base_page.pyINFO('xpath', "//input[@accept='.xlsx, .xls']")输入框输入D:\auto_test\script\报备导入测试数据3条.xlsx
2022-06-25 10:22:29,175base_page.pyINFO定位元素('xpath', "//input[@accept='.xlsx, .xls']")
2022-06-25 10:22:30,277base_page.pyINFO点击元素('xpath', "//span[text()='下一步']/..")
2022-06-25 10:22:30,278base_page.pyINFO定位元素('xpath', "//span[text()='下一步']/..")
2022-06-25 10:22:30,361base_page.pyINFO断言有无上传成功！1111
2022-06-25 10:22:30,361base_page.pyINFO定位元素('xpath', "//*[@class='ant-message-custom-content ant-message-success']/span")
2022-06-25 10:22:30,444base_page.pyINFO点击元素('xpath', "//span[text()='招聘管理']/..")
2022-06-25 10:22:30,444base_page.pyINFO定位元素('xpath', "//span[text()='招聘管理']/..")
2022-06-25 10:23:48,230base_page.pyINFO('xpath', "//input[@id='mobile']")输入框输入13761362771
2022-06-25 10:23:48,230base_page.pyINFO定位元素('xpath', "//input[@id='mobile']")
2022-06-25 10:23:48,338base_page.pyINFO('xpath', "//input[@id='pwd']")输入框输入qinyujie008
2022-06-25 10:23:48,338base_page.pyINFO定位元素('xpath', "//input[@id='pwd']")
2022-06-25 10:23:48,458base_page.pyINFO点击元素('xpath', "//a[text()='登录并授权']")
2022-06-25 10:23:48,458base_page.pyINFO定位元素('xpath', "//a[text()='登录并授权']")
2022-06-25 10:23:54,979base_page.pyINFO点击元素('xpath', "//span[text()='审批管理']/..")
2022-06-25 10:23:54,980base_page.pyINFO定位元素('xpath', "//span[text()='审批管理']/..")
2022-06-25 10:23:56,496base_page.pyINFO点击元素('xpath', '//*[@id="popContainer"]/section/aside/div/ul/li[3]/ul/li[2]/a')
2022-06-25 10:23:56,496base_page.pyINFO定位元素('xpath', '//*[@id="popContainer"]/section/aside/div/ul/li[3]/ul/li[2]/a')
2022-06-25 10:23:57,347base_page.pyINFO点击元素('xpath', "//span[text()='工资付款 ']/../../label[3]")
2022-06-25 10:23:57,348base_page.pyINFO定位元素('xpath', "//span[text()='工资付款 ']/../../label[3]")
2022-06-25 10:23:58,905base_page.pyINFO点击元素('xpath', "//span[text()='招聘管理']/..")
2022-06-25 10:23:58,905base_page.pyINFO定位元素('xpath', "//span[text()='招聘管理']/..")
2022-06-25 10:24:00,026base_page.pyINFO点击元素('xpath', "//a[text()='招聘中心']/..")
2022-06-25 10:24:00,026base_page.pyINFO定位元素('xpath', "//a[text()='招聘中心']/..")
2022-06-25 10:24:00,399base_page.pyINFO点击元素('xpath', '/html/body/div[1]/section/section/main/div/div[2]/div/div[2]/div/div[1]/div[1]/div/div[3]/button')
2022-06-25 10:24:00,399base_page.pyINFO定位元素('xpath', '/html/body/div[1]/section/section/main/div/div[2]/div/div[2]/div/div[1]/div[1]/div/div[3]/button')
2022-06-25 10:24:01,326base_page.pyINFO点击元素('xpath', "//div[text()='请选择需求']")
2022-06-25 10:24:01,327base_page.pyINFO定位元素('xpath', "//div[text()='请选择需求']")
2022-06-25 10:24:03,424base_page.pyINFO点击元素('xpath', "//li[@title='测试2022-06-16']")
2022-06-25 10:24:03,424base_page.pyINFO定位元素('xpath', "//li[@title='测试2022-06-16']")
2022-06-25 10:24:03,520base_page.pyINFO点击元素('xpath', "//span[text()='下一步']/..")
2022-06-25 10:24:03,520base_page.pyINFO定位元素('xpath', "//span[text()='下一步']/..")
2022-06-25 10:24:04,764base_page.pyINFO('xpath', "//input[@accept='.xlsx, .xls']")输入框输入D:\auto_test\script\报备导入测试数据3条.xlsx
2022-06-25 10:24:04,765base_page.pyINFO定位元素('xpath', "//input[@accept='.xlsx, .xls']")
2022-06-25 10:24:05,866base_page.pyINFO点击元素('xpath', "//span[text()='下一步']/..")
2022-06-25 10:24:05,866base_page.pyINFO定位元素('xpath', "//span[text()='下一步']/..")
2022-06-25 10:24:05,937base_page.pyINFO断言有无上传成功！1111
2022-06-25 10:24:05,937base_page.pyINFO定位元素('xpath', "//*[@class='ant-message-custom-content ant-message-success']/span")
2022-06-25 10:24:31,912base_page.pyINFO点击元素('xpath', "//span[text()='招聘管理']/..")
2022-06-25 10:24:31,912base_page.pyINFO定位元素('xpath', "//span[text()='招聘管理']/..")
2022-06-25 10:25:00,578connectionpool.pyWARNINGRetrying (Retry(total=2, connect=None, read=None, redirect=None, status=None)) after connection broken by 'NewConnectionError('<urllib3.connection.HTTPConnection object at 0x0418D5E0>: Failed to establish a new connection: [WinError 10061] 由于目标计算机积极拒绝，无法连接。')': /wd/hub/session
2022-06-25 10:25:02,631connectionpool.pyWARNINGRetrying (Retry(total=1, connect=None, read=None, redirect=None, status=None)) after connection broken by 'NewConnectionError('<urllib3.connection.HTTPConnection object at 0x0418D820>: Failed to establish a new connection: [WinError 10061] 由于目标计算机积极拒绝，无法连接。')': /wd/hub/session
2022-06-25 10:25:04,682connectionpool.pyWARNINGRetrying (Retry(total=0, connect=None, read=None, redirect=None, status=None)) after connection broken by 'NewConnectionError('<urllib3.connection.HTTPConnection object at 0x0418D880>: Failed to establish a new connection: [WinError 10061] 由于目标计算机积极拒绝，无法连接。')': /wd/hub/session
2022-06-25 10:25:52,590connectionpool.pyWARNINGRetrying (Retry(total=2, connect=None, read=None, redirect=None, status=None)) after connection broken by 'NewConnectionError('<urllib3.connection.HTTPConnection object at 0x0425D5E0>: Failed to establish a new connection: [WinError 10061] 由于目标计算机积极拒绝，无法连接。')': /wd/hub/session
2022-06-25 10:25:54,644connectionpool.pyWARNINGRetrying (Retry(total=1, connect=None, read=None, redirect=None, status=None)) after connection broken by 'NewConnectionError('<urllib3.connection.HTTPConnection object at 0x0425D820>: Failed to establish a new connection: [WinError 10061] 由于目标计算机积极拒绝，无法连接。')': /wd/hub/session
2022-06-25 10:25:56,685connectionpool.pyWARNINGRetrying (Retry(total=0, connect=None, read=None, redirect=None, status=None)) after connection broken by 'NewConnectionError('<urllib3.connection.HTTPConnection object at 0x0425D880>: Failed to establish a new connection: [WinError 10061] 由于目标计算机积极拒绝，无法连接。')': /wd/hub/session
2022-06-25 10:26:35,296connectionpool.pyWARNINGRetrying (Retry(total=2, connect=None, read=None, redirect=None, status=None)) after connection broken by 'NewConnectionError('<urllib3.connection.HTTPConnection object at 0x04EDE580>: Failed to establish a new connection: [WinError 10061] 由于目标计算机积极拒绝，无法连接。')': /wd/hub/session
2022-06-25 10:26:37,352connectionpool.pyWARNINGRetrying (Retry(total=1, connect=None, read=None, redirect=None, status=None)) after connection broken by 'NewConnectionError('<urllib3.connection.HTTPConnection object at 0x04EDE7C0>: Failed to establish a new connection: [WinError 10061] 由于目标计算机积极拒绝，无法连接。')': /wd/hub/session
2022-06-25 10:26:39,409connectionpool.pyWARNINGRetrying (Retry(total=0, connect=None, read=None, redirect=None, status=None)) after connection broken by 'NewConnectionError('<urllib3.connection.HTTPConnection object at 0x04EDE820>: Failed to establish a new connection: [WinError 10061] 由于目标计算机积极拒绝，无法连接。')': /wd/hub/session
2022-06-25 10:36:15,629base_page.pyINFO('xpath', "//input[@id='mobile']")输入框输入13761362771
2022-06-25 10:36:15,630base_page.pyINFO定位元素('xpath', "//input[@id='mobile']")
2022-06-25 10:36:15,745base_page.pyINFO('xpath', "//input[@id='pwd']")输入框输入qinyujie008
2022-06-25 10:36:15,745base_page.pyINFO定位元素('xpath', "//input[@id='pwd']")
2022-06-25 10:36:15,865base_page.pyINFO点击元素('xpath', "//a[text()='登录并授权']")
2022-06-25 10:36:15,865base_page.pyINFO定位元素('xpath', "//a[text()='登录并授权']")
2022-06-25 10:36:22,251base_page.pyINFO点击元素('xpath', "//span[text()='审批管理']/..")
2022-06-25 10:36:22,251base_page.pyINFO定位元素('xpath', "//span[text()='审批管理']/..")
2022-06-25 10:36:23,892base_page.pyINFO点击元素('xpath', '//*[@id="popContainer"]/section/aside/div/ul/li[3]/ul/li[2]/a')
2022-06-25 10:36:23,893base_page.pyINFO定位元素('xpath', '//*[@id="popContainer"]/section/aside/div/ul/li[3]/ul/li[2]/a')
2022-06-25 10:36:24,559base_page.pyINFO点击元素('xpath', "//span[text()='工资付款 ']/../../label[3]")
2022-06-25 10:36:24,559base_page.pyINFO定位元素('xpath', "//span[text()='工资付款 ']/../../label[3]")
2022-06-25 10:36:28,145base_page.pyINFO点击元素('xpath', '//div[@class="ant-table-fixed-right"]/div/div/table/tbody/tr[1]/td/a')
2022-06-25 10:36:28,146base_page.pyINFO定位元素('xpath', '//div[@class="ant-table-fixed-right"]/div/div/table/tbody/tr[1]/td/a')
2022-06-25 10:36:28,320base_page.pyINFO点击元素('xpath', '//button[@class="ant-drawer-close"]')
2022-06-25 10:36:28,320base_page.pyINFO定位元素('xpath', '//button[@class="ant-drawer-close"]')
2022-06-25 10:36:28,799base_page.pyINFO点击元素('xpath', "//span[text()='招聘管理']/..")
2022-06-25 10:36:28,801base_page.pyINFO定位元素('xpath', "//span[text()='招聘管理']/..")
2022-06-25 10:36:30,395base_page.pyINFO点击元素('xpath', "//a[text()='招聘中心']/..")
2022-06-25 10:36:30,395base_page.pyINFO定位元素('xpath', "//a[text()='招聘中心']/..")
2022-06-25 10:36:30,752base_page.pyINFO点击元素('xpath', '/html/body/div[1]/section/section/main/div/div[2]/div/div[2]/div/div[1]/div[1]/div/div[3]/button')
2022-06-25 10:36:30,753base_page.pyINFO定位元素('xpath', '/html/body/div[1]/section/section/main/div/div[2]/div/div[2]/div/div[1]/div[1]/div/div[3]/button')
2022-06-25 10:36:31,612base_page.pyINFO点击元素('xpath', "//div[text()='请选择需求']")
2022-06-25 10:36:31,612base_page.pyINFO定位元素('xpath', "//div[text()='请选择需求']")
2022-06-25 10:36:33,710base_page.pyINFO点击元素('xpath', "//li[@title='测试2022-06-16']")
2022-06-25 10:36:33,710base_page.pyINFO定位元素('xpath', "//li[@title='测试2022-06-16']")
2022-06-25 10:36:33,791base_page.pyINFO点击元素('xpath', "//span[text()='下一步']/..")
2022-06-25 10:36:33,791base_page.pyINFO定位元素('xpath', "//span[text()='下一步']/..")
2022-06-25 10:36:35,050base_page.pyINFO('xpath', "//input[@accept='.xlsx, .xls']")输入框输入D:\auto_test\script\报备导入测试数据3条.xlsx
2022-06-25 10:36:35,051base_page.pyINFO定位元素('xpath', "//input[@accept='.xlsx, .xls']")
2022-06-25 10:36:36,142base_page.pyINFO点击元素('xpath', "//span[text()='下一步']/..")
2022-06-25 10:36:36,142base_page.pyINFO定位元素('xpath', "//span[text()='下一步']/..")
2022-06-25 10:36:36,201base_page.pyINFO断言有无上传成功！1111
2022-06-25 10:36:36,201base_page.pyINFO定位元素('xpath', "//*[@class='ant-message-custom-content ant-message-success']/span")
2022-06-25 10:36:36,271base_page.pyINFO点击元素('xpath', "//span[text()='招聘管理']/..")
2022-06-25 10:36:36,272base_page.pyINFO定位元素('xpath', "//span[text()='招聘管理']/..")
2022-06-25 11:14:07,807base_page.pyINFO('xpath', "//input[@id='mobile']")输入框输入13761362771
2022-06-25 11:14:07,808base_page.pyINFO定位元素('xpath', "//input[@id='mobile']")
2022-06-25 11:14:07,958base_page.pyINFO('xpath', "//input[@id='pwd']")输入框输入qinyujie008
2022-06-25 11:14:07,958base_page.pyINFO定位元素('xpath', "//input[@id='pwd']")
2022-06-25 11:14:08,100base_page.pyINFO点击元素('xpath', "//a[text()='登录并授权']")
2022-06-25 11:14:08,100base_page.pyINFO定位元素('xpath', "//a[text()='登录并授权']")
2022-06-25 11:14:15,033base_page.pyINFO点击元素('xpath', "//span[text()='审批管理']/..")
2022-06-25 11:14:15,035base_page.pyINFO定位元素('xpath', "//span[text()='审批管理']/..")
2022-06-25 11:14:18,041base_page.pyINFO点击元素('xpath', '//*[@id="popContainer"]/section/aside/div/ul/li[3]/ul/li[2]/a')
2022-06-25 11:14:18,041base_page.pyINFO定位元素('xpath', '//*[@id="popContainer"]/section/aside/div/ul/li[3]/ul/li[2]/a')
2022-06-25 11:14:18,804base_page.pyINFO点击元素('xpath', "//span[text()='工资付款 ']/../../label[3]")
2022-06-25 11:14:18,804base_page.pyINFO定位元素('xpath', "//span[text()='工资付款 ']/../../label[3]")
2022-06-25 11:14:22,502base_page.pyINFO点击元素('xpath', '//div[@class="ant-table-fixed-right"]/div/div/table/tbody/tr[1]/td/a')
2022-06-25 11:14:22,502base_page.pyINFO定位元素('xpath', '//div[@class="ant-table-fixed-right"]/div/div/table/tbody/tr[1]/td/a')
2022-06-25 11:14:22,667base_page.pyINFO点击元素('xpath', '//button[@class="ant-drawer-close"]')
2022-06-25 11:14:22,667base_page.pyINFO定位元素('xpath', '//button[@class="ant-drawer-close"]')
2022-06-25 11:14:23,130base_page.pyINFO点击元素('xpath', "//span[text()='招聘管理']/..")
2022-06-25 11:14:23,130base_page.pyINFO定位元素('xpath', "//span[text()='招聘管理']/..")
2022-06-25 11:14:24,918base_page.pyINFO点击元素('xpath', "//a[text()='招聘中心']/..")
2022-06-25 11:14:24,918base_page.pyINFO定位元素('xpath', "//a[text()='招聘中心']/..")
2022-06-25 11:14:25,249base_page.pyINFO点击元素('xpath', '/html/body/div[1]/section/section/main/div/div[2]/div/div[2]/div/div[1]/div[1]/div/div[3]/button')
2022-06-25 11:14:25,249base_page.pyINFO定位元素('xpath', '/html/body/div[1]/section/section/main/div/div[2]/div/div[2]/div/div[1]/div[1]/div/div[3]/button')
2022-06-25 11:14:26,141base_page.pyINFO点击元素('xpath', "//div[text()='请选择需求']")
2022-06-25 11:14:26,141base_page.pyINFO定位元素('xpath', "//div[text()='请选择需求']")
2022-06-25 11:14:28,233base_page.pyINFO点击元素('xpath', "//li[@title='测试2022-06-16']")
2022-06-25 11:14:28,233base_page.pyINFO定位元素('xpath', "//li[@title='测试2022-06-16']")
2022-06-25 11:14:28,308base_page.pyINFO点击元素('xpath', "//span[text()='下一步']/..")
2022-06-25 11:14:28,308base_page.pyINFO定位元素('xpath', "//span[text()='下一步']/..")
2022-06-25 11:14:29,542base_page.pyINFO('xpath', "//input[@accept='.xlsx, .xls']")输入框输入D:\auto_test\script\报备导入测试数据3条.xlsx
2022-06-25 11:14:29,543base_page.pyINFO定位元素('xpath', "//input[@accept='.xlsx, .xls']")
2022-06-25 11:14:30,615base_page.pyINFO点击元素('xpath', "//span[text()='下一步']/..")
2022-06-25 11:14:30,616base_page.pyINFO定位元素('xpath', "//span[text()='下一步']/..")
2022-06-25 11:14:30,672base_page.pyINFO断言有无上传成功！1111
2022-06-25 11:14:30,672base_page.pyINFO定位元素('xpath', "//*[@class='ant-message-custom-content ant-message-success']/span")
2022-06-25 11:14:30,732base_page.pyINFO点击元素('xpath', "//span[text()='招聘管理']/..")
2022-06-25 11:14:30,732base_page.pyINFO定位元素('xpath', "//span[text()='招聘管理']/..")
2022-06-25 11:30:33,225base_page.pyINFO点击元素('xpath', "//span[text()='招聘管理']/..")
2022-06-25 11:30:33,226base_page.pyINFO定位元素('xpath', "//span[text()='招聘管理']/..")
2022-06-25 11:30:34,423base_page.pyINFO点击元素('xpath', "//a[text()='招聘中心']/..")
2022-06-25 11:30:34,423base_page.pyINFO定位元素('xpath', "//a[text()='招聘中心']/..")
2022-06-25 11:30:34,482base_page.pyINFO点击元素('xpath', '/html/body/div[1]/section/section/main/div/div[2]/div/div[2]/div/div[1]/div[1]/div/div[3]/button')
2022-06-25 11:30:34,483base_page.pyINFO定位元素('xpath', '/html/body/div[1]/section/section/main/div/div[2]/div/div[2]/div/div[1]/div[1]/div/div[3]/button')
2022-06-25 11:30:34,648base_page.pyINFO点击元素('xpath', "//div[text()='请选择需求']")
2022-06-25 11:30:34,648base_page.pyINFO定位元素('xpath', "//div[text()='请选择需求']")
2022-06-25 11:30:36,735base_page.pyINFO点击元素('xpath', "//li[@title='测试2022-06-16']")
2022-06-25 11:30:36,735base_page.pyINFO定位元素('xpath', "//li[@title='测试2022-06-16']")
2022-06-25 11:30:36,811base_page.pyINFO点击元素('xpath', "//span[text()='下一步']/..")
2022-06-25 11:30:36,812base_page.pyINFO定位元素('xpath', "//span[text()='下一步']/..")
2022-06-25 11:30:38,015base_page.pyINFO('xpath', "//input[@accept='.xlsx, .xls']")输入框输入D:\auto_test\script\报备导入测试数据2条.xlsx
2022-06-25 11:30:38,015base_page.pyINFO定位元素('xpath', "//input[@accept='.xlsx, .xls']")
2022-06-25 11:30:39,061base_page.pyINFO点击元素('xpath', "//span[text()='下一步']/..")
2022-06-25 11:30:39,062base_page.pyINFO定位元素('xpath', "//span[text()='下一步']/..")
2022-06-25 11:30:39,099base_page.pyINFO断言有无上传成功！1111
2022-06-25 11:30:39,099base_page.pyINFO定位元素('xpath', "//*[@class='ant-message-custom-content ant-message-success']/span")
2022-06-25 11:31:12,344base_page.pyINFO点击元素('xpath', "//span[text()='招聘管理']/..")
2022-06-25 11:31:12,345base_page.pyINFO定位元素('xpath', "//span[text()='招聘管理']/..")
2022-06-25 11:31:13,428base_page.pyINFO点击元素('xpath', "//a[text()='招聘中心']/..")
2022-06-25 11:31:13,428base_page.pyINFO定位元素('xpath', "//a[text()='招聘中心']/..")
2022-06-25 11:31:13,484base_page.pyINFO点击元素('xpath', '/html/body/div[1]/section/section/main/div/div[2]/div/div[2]/div/div[1]/div[1]/div/div[3]/button')
2022-06-25 11:31:13,484base_page.pyINFO定位元素('xpath', '/html/body/div[1]/section/section/main/div/div[2]/div/div[2]/div/div[1]/div[1]/div/div[3]/button')
2022-06-25 11:31:28,763base_page.pyINFO点击元素('xpath', "//span[text()='招聘管理']/..")
2022-06-25 11:31:28,763base_page.pyINFO定位元素('xpath', "//span[text()='招聘管理']/..")
2022-06-25 11:31:30,053base_page.pyINFO点击元素('xpath', "//a[text()='招聘中心']/..")
2022-06-25 11:31:30,053base_page.pyINFO定位元素('xpath', "//a[text()='招聘中心']/..")
2022-06-25 11:31:30,435base_page.pyINFO点击元素('xpath', '/html/body/div[1]/section/section/main/div/div[2]/div/div[2]/div/div[1]/div[1]/div/div[3]/button')
2022-06-25 11:31:30,435base_page.pyINFO定位元素('xpath', '/html/body/div[1]/section/section/main/div/div[2]/div/div[2]/div/div[1]/div[1]/div/div[3]/button')
2022-06-25 11:31:31,366base_page.pyINFO点击元素('xpath', "//div[text()='请选择需求']")
2022-06-25 11:31:31,367base_page.pyINFO定位元素('xpath', "//div[text()='请选择需求']")
2022-06-25 11:31:33,752base_page.pyINFO点击元素('xpath', "//li[@title='测试2022-06-16']")
2022-06-25 11:31:33,752base_page.pyINFO定位元素('xpath', "//li[@title='测试2022-06-16']")
2022-06-25 11:31:33,820base_page.pyINFO点击元素('xpath', "//span[text()='下一步']/..")
2022-06-25 11:31:33,820base_page.pyINFO定位元素('xpath', "//span[text()='下一步']/..")
2022-06-25 11:31:35,013base_page.pyINFO('xpath', "//input[@accept='.xlsx, .xls']")输入框输入D:\auto_test\script\报备导入测试数据2条.xlsx
2022-06-25 11:31:35,013base_page.pyINFO定位元素('xpath', "//input[@accept='.xlsx, .xls']")
2022-06-25 11:31:36,239base_page.pyINFO点击元素('xpath', "//span[text()='下一步']/..")
2022-06-25 11:31:36,239base_page.pyINFO定位元素('xpath', "//span[text()='下一步']/..")
2022-06-25 11:31:36,297base_page.pyINFO断言有无上传成功！1111
2022-06-25 11:31:36,297base_page.pyINFO定位元素('xpath', "//*[@class='ant-message-custom-content ant-message-success']/span")
2022-06-25 11:34:09,284base_page.pyINFO点击元素('xpath', "//span[text()='招聘管理']/..")
2022-06-25 11:34:09,284base_page.pyINFO定位元素('xpath', "//span[text()='招聘管理']/..")
2022-06-25 11:34:10,366base_page.pyINFO点击元素('xpath', "//a[text()='招聘中心']/..")
2022-06-25 11:34:10,366base_page.pyINFO定位元素('xpath', "//a[text()='招聘中心']/..")
2022-06-25 11:34:10,552base_page.pyINFO点击元素('xpath', '/html/body/div[1]/section/section/main/div/div[2]/div/div[2]/div/div[1]/div[1]/div/div[3]/button')
2022-06-25 11:34:10,552base_page.pyINFO定位元素('xpath', '/html/body/div[1]/section/section/main/div/div[2]/div/div[2]/div/div[1]/div[1]/div/div[3]/button')
2022-06-25 11:34:11,158base_page.pyINFO点击元素('xpath', "//div[text()='请选择需求']")
2022-06-25 11:34:11,158base_page.pyINFO定位元素('xpath', "//div[text()='请选择需求']")
2022-06-25 11:34:30,737base_page.pyINFO点击元素('xpath', "//span[text()='招聘管理']/..")
2022-06-25 11:34:30,737base_page.pyINFO定位元素('xpath', "//span[text()='招聘管理']/..")
2022-06-25 11:34:31,822base_page.pyINFO点击元素('xpath', "//a[text()='招聘中心']/..")
2022-06-25 11:34:31,824base_page.pyINFO定位元素('xpath', "//a[text()='招聘中心']/..")
2022-06-25 11:34:32,098base_page.pyINFO点击元素('xpath', '/html/body/div[1]/section/section/main/div/div[2]/div/div[2]/div/div[1]/div[1]/div/div[3]/button')
2022-06-25 11:34:32,099base_page.pyINFO定位元素('xpath', '/html/body/div[1]/section/section/main/div/div[2]/div/div[2]/div/div[1]/div[1]/div/div[3]/button')
2022-06-25 11:34:32,985base_page.pyINFO点击元素('xpath', "//div[text()='请选择需求']")
2022-06-25 11:34:32,985base_page.pyINFO定位元素('xpath', "//div[text()='请选择需求']")
2022-06-25 11:34:35,332base_page.pyINFO点击元素('xpath', "//li[@title='测试2022-06-16']")
2022-06-25 11:34:35,332base_page.pyINFO定位元素('xpath', "//li[@title='测试2022-06-16']")
2022-06-25 11:34:35,391base_page.pyINFO点击元素('xpath', "//span[text()='下一步']/..")
2022-06-25 11:34:35,391base_page.pyINFO定位元素('xpath', "//span[text()='下一步']/..")
2022-06-25 11:34:36,623base_page.pyINFO('xpath', "//input[@accept='.xlsx, .xls']")输入框输入D:\auto_test\script\报备导入测试数据2条.xlsx
2022-06-25 11:34:36,623base_page.pyINFO定位元素('xpath', "//input[@accept='.xlsx, .xls']")
2022-06-25 11:34:37,694base_page.pyINFO点击元素('xpath', "//span[text()='下一步']/..")
2022-06-25 11:34:37,694base_page.pyINFO定位元素('xpath', "//span[text()='下一步']/..")
2022-06-25 11:34:37,751base_page.pyINFO断言有无上传成功！1111
2022-06-25 11:34:37,751base_page.pyINFO定位元素('xpath', "//*[@class='ant-message-custom-content ant-message-success']/span")
2022-06-25 11:34:37,802base_page.pyINFO点击元素('xpath', "//span[@class='ant-modal-close-x']")
2022-06-25 11:34:37,802base_page.pyINFO定位元素('xpath', "//span[@class='ant-modal-close-x']")
2022-06-25 11:42:25,422base_page.pyINFO('xpath', "//input[@id='mobile']")输入框输入13761362771
2022-06-25 11:42:25,422base_page.pyINFO定位元素('xpath', "//input[@id='mobile']")
2022-06-25 11:42:25,529base_page.pyINFO('xpath', "//input[@id='pwd']")输入框输入qinyujie008
2022-06-25 11:42:25,529base_page.pyINFO定位元素('xpath', "//input[@id='pwd']")
2022-06-25 11:42:25,639base_page.pyINFO点击元素('xpath', "//a[text()='登录并授权']")
2022-06-25 11:42:25,639base_page.pyINFO定位元素('xpath', "//a[text()='登录并授权']")
2022-06-25 11:42:26,725base_page.pyINFO点击元素('xpath', "//span[text()='审批管理']/..")
2022-06-25 11:42:26,725base_page.pyINFO定位元素('xpath', "//span[text()='审批管理']/..")
2022-06-25 11:42:26,948base_page.pyINFO点击元素('xpath', "//span[text()='招聘管理']/..")
2022-06-25 11:42:26,948base_page.pyINFO定位元素('xpath', "//span[text()='招聘管理']/..")
2022-06-25 11:42:27,035base_page.pyINFO点击元素('xpath', "//span[text()='招聘管理']/..")
2022-06-25 11:42:27,035base_page.pyINFO定位元素('xpath', "//span[text()='招聘管理']/..")
2022-06-25 11:42:59,734base_page.pyINFO('xpath', "//input[@id='mobile']")输入框输入13761362771
2022-06-25 11:42:59,734base_page.pyINFO定位元素('xpath', "//input[@id='mobile']")
2022-06-25 11:42:59,885base_page.pyINFO('xpath', "//input[@id='pwd']")输入框输入qinyujie008
2022-06-25 11:42:59,885base_page.pyINFO定位元素('xpath', "//input[@id='pwd']")
2022-06-25 11:43:00,036base_page.pyINFO点击元素('xpath', "//a[text()='登录并授权']")
2022-06-25 11:43:00,036base_page.pyINFO定位元素('xpath', "//a[text()='登录并授权']")
2022-06-25 11:43:05,871base_page.pyINFO点击元素('xpath', "//span[text()='审批管理']/..")
2022-06-25 11:43:05,871base_page.pyINFO定位元素('xpath', "//span[text()='审批管理']/..")
2022-06-25 11:43:14,266base_page.pyINFO点击元素('xpath', '//*[@id="popContainer"]/section/aside/div/ul/li[3]/ul/li[2]/a')
2022-06-25 11:43:14,266base_page.pyINFO定位元素('xpath', '//*[@id="popContainer"]/section/aside/div/ul/li[3]/ul/li[2]/a')
2022-06-25 11:43:14,945base_page.pyINFO点击元素('xpath', "//span[text()='工资付款 ']/../../label[3]")
2022-06-25 11:43:14,945base_page.pyINFO定位元素('xpath', "//span[text()='工资付款 ']/../../label[3]")
2022-06-25 11:43:18,977base_page.pyINFO点击元素('xpath', '//div[@class="ant-table-fixed-right"]/div/div/table/tbody/tr[1]/td/a')
2022-06-25 11:43:18,977base_page.pyINFO定位元素('xpath', '//div[@class="ant-table-fixed-right"]/div/div/table/tbody/tr[1]/td/a')
2022-06-25 11:43:19,155base_page.pyINFO点击元素('xpath', '//button[@class="ant-drawer-close"]')
2022-06-25 11:43:19,155base_page.pyINFO定位元素('xpath', '//button[@class="ant-drawer-close"]')
2022-06-25 11:43:19,625base_page.pyINFO点击元素('xpath', "//span[text()='招聘管理']/..")
2022-06-25 11:43:19,626base_page.pyINFO定位元素('xpath', "//span[text()='招聘管理']/..")
2022-06-25 11:43:21,152base_page.pyINFO点击元素('xpath', "//a[text()='招聘中心']/..")
2022-06-25 11:43:21,152base_page.pyINFO定位元素('xpath', "//a[text()='招聘中心']/..")
2022-06-25 11:43:21,578base_page.pyINFO点击元素('xpath', '/html/body/div[1]/section/section/main/div/div[2]/div/div[2]/div/div[1]/div[1]/div/div[3]/button')
2022-06-25 11:43:21,579base_page.pyINFO定位元素('xpath', '/html/body/div[1]/section/section/main/div/div[2]/div/div[2]/div/div[1]/div[1]/div/div[3]/button')
2022-06-25 11:43:22,541base_page.pyINFO点击元素('xpath', "//div[text()='请选择需求']")
2022-06-25 11:43:22,541base_page.pyINFO定位元素('xpath', "//div[text()='请选择需求']")
2022-06-25 11:43:24,626base_page.pyINFO点击元素('xpath', "//li[@title='测试2022-06-16']")
2022-06-25 11:43:24,626base_page.pyINFO定位元素('xpath', "//li[@title='测试2022-06-16']")
2022-06-25 11:43:24,738base_page.pyINFO点击元素('xpath', "//span[text()='下一步']/..")
2022-06-25 11:43:24,739base_page.pyINFO定位元素('xpath', "//span[text()='下一步']/..")
2022-06-25 11:43:25,998base_page.pyINFO('xpath', "//input[@accept='.xlsx, .xls']")输入框输入D:\auto_test\script\报备导入测试数据3条.xlsx
2022-06-25 11:43:25,998base_page.pyINFO定位元素('xpath', "//input[@accept='.xlsx, .xls']")
2022-06-25 11:43:27,073base_page.pyINFO点击元素('xpath', "//span[text()='下一步']/..")
2022-06-25 11:43:27,074base_page.pyINFO定位元素('xpath', "//span[text()='下一步']/..")
2022-06-25 11:43:27,156base_page.pyINFO断言有无上传成功！1111
2022-06-25 11:43:27,156base_page.pyINFO定位元素('xpath', "//*[@class='ant-message-custom-content ant-message-success']/span")
2022-06-25 11:43:27,219base_page.pyINFO点击元素('xpath', "//span[@class='ant-modal-close-x']")
2022-06-25 11:43:27,219base_page.pyINFO定位元素('xpath', "//span[@class='ant-modal-close-x']")
2022-06-25 13:49:13,799base_page.pyINFO('xpath', "//input[@id='mobile']")输入框输入13761362771
2022-06-25 13:49:13,800base_page.pyINFO定位元素('xpath', "//input[@id='mobile']")
2022-06-25 13:49:13,886base_page.pyINFO('xpath', "//input[@id='pwd']")输入框输入qinyujie008
2022-06-25 13:49:13,887base_page.pyINFO定位元素('xpath', "//input[@id='pwd']")
2022-06-25 13:49:13,974base_page.pyINFO点击元素('xpath', "//a[text()='登录并授权']")
2022-06-25 13:49:13,974base_page.pyINFO定位元素('xpath', "//a[text()='登录并授权']")
2022-06-25 13:49:21,682base_page.pyINFO点击元素('xpath', "//span[text()='审批管理']/..")
2022-06-25 13:49:21,682base_page.pyINFO定位元素('xpath', "//span[text()='审批管理']/..")
2022-06-25 13:49:23,225base_page.pyINFO点击元素('xpath', '//*[@id="popContainer"]/section/aside/div/ul/li[3]/ul/li[2]/a')
2022-06-25 13:49:23,225base_page.pyINFO定位元素('xpath', '//*[@id="popContainer"]/section/aside/div/ul/li[3]/ul/li[2]/a')
2022-06-25 13:49:23,946base_page.pyINFO点击元素('xpath', "//span[text()='工资付款 ']/../../label[3]")
2022-06-25 13:49:23,947base_page.pyINFO定位元素('xpath', "//span[text()='工资付款 ']/../../label[3]")
2022-06-25 13:49:27,521base_page.pyINFO点击元素('xpath', '//div[@class="ant-table-fixed-right"]/div/div/table/tbody/tr[1]/td/a')
2022-06-25 13:49:27,521base_page.pyINFO定位元素('xpath', '//div[@class="ant-table-fixed-right"]/div/div/table/tbody/tr[1]/td/a')
2022-06-25 13:49:27,692base_page.pyINFO点击元素('xpath', '//button[@class="ant-drawer-close"]')
2022-06-25 13:49:27,693base_page.pyINFO定位元素('xpath', '//button[@class="ant-drawer-close"]')
2022-06-25 13:49:28,122base_page.pyINFO点击元素('xpath', "//span[text()='招聘管理']/..")
2022-06-25 13:49:28,122base_page.pyINFO定位元素('xpath', "//span[text()='招聘管理']/..")
2022-06-25 13:49:29,639base_page.pyINFO点击元素('xpath', "//a[text()='招聘中心']/..")
2022-06-25 13:49:29,639base_page.pyINFO定位元素('xpath', "//a[text()='招聘中心']/..")
2022-06-25 13:49:29,965base_page.pyINFO点击元素('xpath', '/html/body/div[1]/section/section/main/div/div[2]/div/div[2]/div/div[1]/div[1]/div/div[3]/button')
2022-06-25 13:49:29,965base_page.pyINFO定位元素('xpath', '/html/body/div[1]/section/section/main/div/div[2]/div/div[2]/div/div[1]/div[1]/div/div[3]/button')
2022-06-25 13:49:30,845base_page.pyINFO点击元素('xpath', "//div[text()='请选择需求']")
2022-06-25 13:49:30,845base_page.pyINFO定位元素('xpath', "//div[text()='请选择需求']")
2022-06-25 13:49:32,924base_page.pyINFO点击元素('xpath', "//li[@title='测试2022-06-16']")
2022-06-25 13:49:32,925base_page.pyINFO定位元素('xpath', "//li[@title='测试2022-06-16']")
2022-06-25 13:49:33,006base_page.pyINFO点击元素('xpath', "//span[text()='下一步']/..")
2022-06-25 13:49:33,006base_page.pyINFO定位元素('xpath', "//span[text()='下一步']/..")
2022-06-25 13:49:34,206base_page.pyINFO('xpath', "//input[@accept='.xlsx, .xls']")输入框输入D:\auto_test\script\报备导入测试数据3条.xlsx
2022-06-25 13:49:34,207base_page.pyINFO定位元素('xpath', "//input[@accept='.xlsx, .xls']")
2022-06-25 13:49:35,301base_page.pyINFO点击元素('xpath', "//span[text()='下一步']/..")
2022-06-25 13:49:35,301base_page.pyINFO定位元素('xpath', "//span[text()='下一步']/..")
2022-06-25 13:49:35,346base_page.pyINFO断言有无上传成功！1111
2022-06-25 13:49:35,346base_page.pyINFO定位元素('xpath', "//*[@class='ant-message-custom-content ant-message-success']/span")
2022-06-25 13:49:35,799base_page.pyINFO点击元素('xpath', "//span[@class='ant-modal-close-x']")
2022-06-25 13:49:35,799base_page.pyINFO定位元素('xpath', "//span[@class='ant-modal-close-x']")
2022-06-25 13:53:58,747base_page.pyINFO('xpath', "//input[@id='mobile']")输入框输入13761362771
2022-06-25 13:53:58,748base_page.pyINFO定位元素('xpath', "//input[@id='mobile']")
2022-06-25 13:53:58,833base_page.pyINFO('xpath', "//input[@id='pwd']")输入框输入qinyujie008
2022-06-25 13:53:58,833base_page.pyINFO定位元素('xpath', "//input[@id='pwd']")
2022-06-25 13:53:58,936base_page.pyINFO点击元素('xpath', "//a[text()='登录并授权']")
2022-06-25 13:53:58,936base_page.pyINFO定位元素('xpath', "//a[text()='登录并授权']")
2022-06-25 13:54:05,313base_page.pyINFO点击元素('xpath', "//span[text()='审批管理']/..")
2022-06-25 13:54:05,314base_page.pyINFO定位元素('xpath', "//span[text()='审批管理']/..")
2022-06-25 13:54:06,822base_page.pyINFO点击元素('xpath', '//*[@id="popContainer"]/section/aside/div/ul/li[3]/ul/li[2]/a')
2022-06-25 13:54:06,822base_page.pyINFO定位元素('xpath', '//*[@id="popContainer"]/section/aside/div/ul/li[3]/ul/li[2]/a')
2022-06-25 13:54:07,532base_page.pyINFO点击元素('xpath', "//span[text()='工资付款 ']/../../label[3]")
2022-06-25 13:54:07,532base_page.pyINFO定位元素('xpath', "//span[text()='工资付款 ']/../../label[3]")
2022-06-25 13:54:11,057base_page.pyINFO点击元素('xpath', '//div[@class="ant-table-fixed-right"]/div/div/table/tbody/tr[1]/td/a')
2022-06-25 13:54:11,057base_page.pyINFO定位元素('xpath', '//div[@class="ant-table-fixed-right"]/div/div/table/tbody/tr[1]/td/a')
2022-06-25 13:54:11,252base_page.pyINFO点击元素('xpath', '//button[@class="ant-drawer-close"]')
2022-06-25 13:54:11,252base_page.pyINFO定位元素('xpath', '//button[@class="ant-drawer-close"]')
2022-06-25 13:54:11,664base_page.pyINFO点击元素('xpath', "//span[text()='招聘管理']/..")
2022-06-25 13:54:11,664base_page.pyINFO定位元素('xpath', "//span[text()='招聘管理']/..")
2022-06-25 13:54:12,887base_page.pyINFO点击元素('xpath', "//a[text()='招聘中心']/..")
2022-06-25 13:54:12,887base_page.pyINFO定位元素('xpath', "//a[text()='招聘中心']/..")
2022-06-25 13:54:13,248base_page.pyINFO点击元素('xpath', '/html/body/div[1]/section/section/main/div/div[2]/div/div[2]/div/div[1]/div[1]/div/div[3]/button')
2022-06-25 13:54:13,248base_page.pyINFO定位元素('xpath', '/html/body/div[1]/section/section/main/div/div[2]/div/div[2]/div/div[1]/div[1]/div/div[3]/button')
2022-06-25 13:54:14,213base_page.pyINFO点击元素('xpath', "//div[text()='请选择需求']")
2022-06-25 13:54:14,213base_page.pyINFO定位元素('xpath', "//div[text()='请选择需求']")
2022-06-25 13:54:16,296base_page.pyINFO点击元素('xpath', "//li[@title='测试2022-06-16']")
2022-06-25 13:54:16,296base_page.pyINFO定位元素('xpath', "//li[@title='测试2022-06-16']")
2022-06-25 13:54:16,416base_page.pyINFO点击元素('xpath', "//span[text()='下一步']/..")
2022-06-25 13:54:16,416base_page.pyINFO定位元素('xpath', "//span[text()='下一步']/..")
2022-06-25 13:54:17,711base_page.pyINFO('xpath', "//input[@accept='.xlsx, .xls']")输入框输入D:\auto_test\script\报备导入测试数据3条.xlsx
2022-06-25 13:54:17,711base_page.pyINFO定位元素('xpath', "//input[@accept='.xlsx, .xls']")
2022-06-25 13:54:18,786base_page.pyINFO点击元素('xpath', "//span[text()='下一步']/..")
2022-06-25 13:54:18,786base_page.pyINFO定位元素('xpath', "//span[text()='下一步']/..")
2022-06-25 13:54:18,846base_page.pyINFO断言有无上传成功！1111
2022-06-25 13:54:18,846base_page.pyINFO定位元素('xpath', "//*[@class='ant-message-custom-content ant-message-success']/span")
2022-06-25 13:54:18,901base_page.pyINFO点击元素('xpath', "//span[@class='ant-modal-close-x']")
2022-06-25 13:54:18,902base_page.pyINFO定位元素('xpath', "//span[@class='ant-modal-close-x']")
2022-06-25 14:07:31,696connectionpool.pyWARNINGRetrying (Retry(total=2, connect=None, read=None, redirect=None, status=None)) after connection broken by 'NewConnectionError('<urllib3.connection.HTTPConnection object at 0x041C64F0>: Failed to establish a new connection: [WinError 10061] 由于目标计算机积极拒绝，无法连接。')': /wd/hub/session
2022-06-25 14:07:33,751connectionpool.pyWARNINGRetrying (Retry(total=1, connect=None, read=None, redirect=None, status=None)) after connection broken by 'NewConnectionError('<urllib3.connection.HTTPConnection object at 0x041C6730>: Failed to establish a new connection: [WinError 10061] 由于目标计算机积极拒绝，无法连接。')': /wd/hub/session
2022-06-25 14:07:35,803connectionpool.pyWARNINGRetrying (Retry(total=0, connect=None, read=None, redirect=None, status=None)) after connection broken by 'NewConnectionError('<urllib3.connection.HTTPConnection object at 0x041C6790>: Failed to establish a new connection: [WinError 10061] 由于目标计算机积极拒绝，无法连接。')': /wd/hub/session
2022-06-25 14:19:12,863base_page.pyINFO('xpath', "//input[@id='mobile']")输入框输入13761362771
2022-06-25 14:19:12,866base_page.pyINFO定位元素('xpath', "//input[@id='mobile']")
2022-06-25 14:19:12,955base_page.pyINFO('xpath', "//input[@id='pwd']")输入框输入qinyujie008
2022-06-25 14:19:12,955base_page.pyINFO定位元素('xpath', "//input[@id='pwd']")
2022-06-25 14:19:13,060base_page.pyINFO点击元素('xpath', "//a[text()='登录并授权']")
2022-06-25 14:19:13,060base_page.pyINFO定位元素('xpath', "//a[text()='登录并授权']")
2022-06-25 14:19:19,876base_page.pyINFO点击元素('xpath', "//span[text()='审批管理']/..")
2022-06-25 14:19:19,876base_page.pyINFO定位元素('xpath', "//span[text()='审批管理']/..")
2022-06-25 14:19:21,611base_page.pyINFO点击元素('xpath', '//*[@id="popContainer"]/section/aside/div/ul/li[3]/ul/li[2]/a')
2022-06-25 14:19:21,611base_page.pyINFO定位元素('xpath', '//*[@id="popContainer"]/section/aside/div/ul/li[3]/ul/li[2]/a')
2022-06-25 14:19:42,022base_page.pyINFO点击元素('xpath', "//span[text()='工资付款 ']/../../label[3]")
2022-06-25 14:19:42,022base_page.pyINFO定位元素('xpath', "//span[text()='工资付款 ']/../../label[3]")
2022-06-25 14:19:45,555base_page.pyINFO点击元素('xpath', '//div[@class="ant-table-fixed-right"]/div/div/table/tbody/tr[1]/td/a')
2022-06-25 14:19:45,555base_page.pyINFO定位元素('xpath', '//div[@class="ant-table-fixed-right"]/div/div/table/tbody/tr[1]/td/a')
2022-06-25 14:19:45,836base_page.pyINFO点击元素('xpath', '//button[@class="ant-drawer-close"]')
2022-06-25 14:19:45,836base_page.pyINFO定位元素('xpath', '//button[@class="ant-drawer-close"]')
2022-06-25 14:19:46,616base_page.pyINFO点击元素('xpath', "//span[text()='招聘管理']/..")
2022-06-25 14:19:46,616base_page.pyINFO定位元素('xpath', "//span[text()='招聘管理']/..")
2022-06-25 14:19:48,296base_page.pyINFO点击元素('xpath', "//a[text()='招聘中心']/..")
2022-06-25 14:19:48,296base_page.pyINFO定位元素('xpath', "//a[text()='招聘中心']/..")
2022-06-25 14:19:48,673base_page.pyINFO点击元素('xpath', '/html/body/div[1]/section/section/main/div/div[2]/div/div[2]/div/div[1]/div[1]/div/div[3]/button')
2022-06-25 14:19:48,674base_page.pyINFO定位元素('xpath', '/html/body/div[1]/section/section/main/div/div[2]/div/div[2]/div/div[1]/div[1]/div/div[3]/button')
2022-06-25 14:19:49,451base_page.pyINFO点击元素('xpath', "//div[text()='请选择需求']")
2022-06-25 14:19:49,451base_page.pyINFO定位元素('xpath', "//div[text()='请选择需求']")
2022-06-25 14:19:51,542base_page.pyINFO点击元素('xpath', "//li[@title='测试2022-06-16']")
2022-06-25 14:19:51,542base_page.pyINFO定位元素('xpath', "//li[@title='测试2022-06-16']")
2022-06-25 14:19:51,621base_page.pyINFO点击元素('xpath', "//span[text()='下一步']/..")
2022-06-25 14:19:51,621base_page.pyINFO定位元素('xpath', "//span[text()='下一步']/..")
2022-06-25 14:19:52,827base_page.pyINFO('xpath', "//input[@accept='.xlsx, .xls']")输入框输入D:\auto_test\script\报备导入测试数据3条.xlsx
2022-06-25 14:19:52,828base_page.pyINFO定位元素('xpath', "//input[@accept='.xlsx, .xls']")
2022-06-25 14:19:53,934base_page.pyINFO点击元素('xpath', "//span[text()='下一步']/..")
2022-06-25 14:19:53,934base_page.pyINFO定位元素('xpath', "//span[text()='下一步']/..")
2022-06-25 14:19:53,996base_page.pyINFO断言有无上传成功！1111
2022-06-25 14:19:53,996base_page.pyINFO定位元素('xpath', "//*[@class='ant-message-custom-content ant-message-success']/span")
2022-06-25 14:19:54,046base_page.pyINFO点击元素('xpath', "//span[@class='ant-modal-close-x']")
2022-06-25 14:19:54,046base_page.pyINFO定位元素('xpath', "//span[@class='ant-modal-close-x']")
2022-06-25 14:21:16,369base_page.pyINFO('xpath', "//input[@id='mobile']")输入框输入13761362771
2022-06-25 14:21:16,370base_page.pyINFO定位元素('xpath', "//input[@id='mobile']")
2022-06-25 14:21:16,478base_page.pyINFO('xpath', "//input[@id='pwd']")输入框输入qinyujie008
2022-06-25 14:21:16,478base_page.pyINFO定位元素('xpath', "//input[@id='pwd']")
2022-06-25 14:21:16,568base_page.pyINFO点击元素('xpath', "//a[text()='登录并授权']")
2022-06-25 14:21:16,568base_page.pyINFO定位元素('xpath', "//a[text()='登录并授权']")
2022-06-25 14:21:22,762base_page.pyINFO点击元素('xpath', "//span[text()='审批管理']/..")
2022-06-25 14:21:22,763base_page.pyINFO定位元素('xpath', "//span[text()='审批管理']/..")
2022-06-25 14:21:24,173base_page.pyINFO点击元素('xpath', '//*[@id="popContainer"]/section/aside/div/ul/li[3]/ul/li[2]/a')
2022-06-25 14:21:24,173base_page.pyINFO定位元素('xpath', '//*[@id="popContainer"]/section/aside/div/ul/li[3]/ul/li[2]/a')
2022-06-25 14:21:24,867base_page.pyINFO点击元素('xpath', "//span[text()='工资付款 ']/../../label[3]")
2022-06-25 14:21:24,867base_page.pyINFO定位元素('xpath', "//span[text()='工资付款 ']/../../label[3]")
2022-06-25 14:21:26,408base_page.pyINFO点击元素('xpath', "//span[text()='招聘管理']/..")
2022-06-25 14:21:26,409base_page.pyINFO定位元素('xpath', "//span[text()='招聘管理']/..")
2022-06-25 14:21:27,515base_page.pyINFO点击元素('xpath', "//a[text()='招聘中心']/..")
2022-06-25 14:21:27,515base_page.pyINFO定位元素('xpath', "//a[text()='招聘中心']/..")
2022-06-25 14:21:27,877base_page.pyINFO点击元素('xpath', '/html/body/div[1]/section/section/main/div/div[2]/div/div[2]/div/div[1]/div[1]/div/div[3]/button')
2022-06-25 14:21:27,877base_page.pyINFO定位元素('xpath', '/html/body/div[1]/section/section/main/div/div[2]/div/div[2]/div/div[1]/div[1]/div/div[3]/button')
2022-06-25 14:21:28,767base_page.pyINFO点击元素('xpath', "//div[text()='请选择需求']")
2022-06-25 14:21:28,767base_page.pyINFO定位元素('xpath', "//div[text()='请选择需求']")
2022-06-25 14:21:30,896base_page.pyINFO点击元素('xpath', "//li[@title='测试2022-06-16']")
2022-06-25 14:21:30,896base_page.pyINFO定位元素('xpath', "//li[@title='测试2022-06-16']")
2022-06-25 14:21:30,971base_page.pyINFO点击元素('xpath', "//span[text()='下一步']/..")
2022-06-25 14:21:30,971base_page.pyINFO定位元素('xpath', "//span[text()='下一步']/..")
2022-06-25 14:21:32,220base_page.pyINFO('xpath', "//input[@accept='.xlsx, .xls']")输入框输入D:\auto_test\script\报备导入测试数据3条.xlsx
2022-06-25 14:21:32,220base_page.pyINFO定位元素('xpath', "//input[@accept='.xlsx, .xls']")
2022-06-25 14:21:33,324base_page.pyINFO点击元素('xpath', "//span[text()='下一步']/..")
2022-06-25 14:21:33,325base_page.pyINFO定位元素('xpath', "//span[text()='下一步']/..")
2022-06-25 14:21:33,419base_page.pyINFO断言有无上传成功！1111
2022-06-25 14:21:33,419base_page.pyINFO定位元素('xpath', "//*[@class='ant-message-custom-content ant-message-success']/span")
2022-06-25 14:21:33,512base_page.pyINFO点击元素('xpath', "//span[@class='ant-modal-close-x']")
2022-06-25 14:21:33,512base_page.pyINFO定位元素('xpath', "//span[@class='ant-modal-close-x']")
